<?xml version="1.0" encoding="UTF-8"?>
<testng-results ignored="0" total="2" passed="1" failed="1" skipped="0">
  <reporter-output>
  </reporter-output>
  <suite started-at="2019-02-12T13:17:12Z" name="Default suite" finished-at="2019-02-12T13:17:42Z" duration-ms="29726">
    <groups>
    </groups>
    <test started-at="2019-02-12T13:17:12Z" name="Default test" finished-at="2019-02-12T13:17:42Z" duration-ms="29726">
      <class name="com.crm.qa.testcases.LoginPageTest">
        <test-method is-config="true" signature="setUP()[pri:0, instance:com.crm.qa.testcases.LoginPageTest@305b7c14]" started-at="2019-02-12T13:17:12Z" name="setUP" finished-at="2019-02-12T13:17:27Z" duration-ms="14569" status="PASS">
          <reporter-output>
          </reporter-output>
        </test-method> <!-- setUP -->
        <test-method signature="titleTest()[pri:1, instance:com.crm.qa.testcases.LoginPageTest@305b7c14]" started-at="2019-02-12T13:17:27Z" name="titleTest" finished-at="2019-02-12T13:17:28Z" duration-ms="914" status="FAIL">
          <exception class="java.io.IOException">
            <message>
              <![CDATA[Destination 'C:\Users\Saritha\workspace\FreeCRMTest\src\main\java' exists but is a directory]]>
            </message>
            <full-stacktrace>
              <![CDATA[java.io.IOException: Destination 'C:\Users\Saritha\workspace\FreeCRMTest\src\main\java' exists but is a directory
at org.apache.commons.io.FileUtils.doCopyFile(FileUtils.java:1130)
at org.apache.commons.io.FileUtils.copyFile(FileUtils.java:1091)
at org.apache.commons.io.FileUtils.copyFile(FileUtils.java:1038)
at com.crm.qa.testcases.LoginPageTest.titleTest(LoginPageTest.java:40)
at java.base/jdk.internal.reflect.NativeMethodAccessorImpl.invoke0(Native Method)
at java.base/jdk.internal.reflect.NativeMethodAccessorImpl.invoke(NativeMethodAccessorImpl.java:62)
at java.base/jdk.internal.reflect.DelegatingMethodAccessorImpl.invoke(DelegatingMethodAccessorImpl.java:43)
at java.base/java.lang.reflect.Method.invoke(Method.java:566)
at org.testng.internal.MethodInvocationHelper.invokeMethod(MethodInvocationHelper.java:124)
at org.testng.internal.Invoker.invokeMethod(Invoker.java:583)
at org.testng.internal.Invoker.invokeTestMethod(Invoker.java:719)
at org.testng.internal.Invoker.invokeTestMethods(Invoker.java:989)
at org.testng.internal.TestMethodWorker.invokeTestMethods(TestMethodWorker.java:125)
at org.testng.internal.TestMethodWorker.run(TestMethodWorker.java:109)
at org.testng.TestRunner.privateRun(TestRunner.java:648)
at org.testng.TestRunner.run(TestRunner.java:505)
at org.testng.SuiteRunner.runTest(SuiteRunner.java:455)
at org.testng.SuiteRunner.runSequentially(SuiteRunner.java:450)
at org.testng.SuiteRunner.privateRun(SuiteRunner.java:415)
at org.testng.SuiteRunner.run(SuiteRunner.java:364)
at org.testng.SuiteRunnerWorker.runSuite(SuiteRunnerWorker.java:52)
at org.testng.SuiteRunnerWorker.run(SuiteRunnerWorker.java:84)
at org.testng.TestNG.runSuitesSequentially(TestNG.java:1208)
at org.testng.TestNG.runSuitesLocally(TestNG.java:1137)
at org.testng.TestNG.runSuites(TestNG.java:1049)
at org.testng.TestNG.run(TestNG.java:1017)
at org.testng.remote.AbstractRemoteTestNG.run(AbstractRemoteTestNG.java:114)
at org.testng.remote.RemoteTestNG.initAndRun(RemoteTestNG.java:251)
at org.testng.remote.RemoteTestNG.main(RemoteTestNG.java:77)
]]>
            </full-stacktrace>
          </exception> <!-- java.io.IOException -->
          <reporter-output>
          </reporter-output>
        </test-method> <!-- titleTest -->
        <test-method is-config="true" signature="tearDown()[pri:0, instance:com.crm.qa.testcases.LoginPageTest@305b7c14]" started-at="2019-02-12T13:17:28Z" name="tearDown" finished-at="2019-02-12T13:17:28Z" duration-ms="703" status="PASS">
          <reporter-output>
          </reporter-output>
        </test-method> <!-- tearDown -->
        <test-method is-config="true" signature="setUP()[pri:0, instance:com.crm.qa.testcases.LoginPageTest@305b7c14]" started-at="2019-02-12T13:17:28Z" name="setUP" finished-at="2019-02-12T13:17:36Z" duration-ms="8016" status="PASS">
          <reporter-output>
          </reporter-output>
        </test-method> <!-- setUP -->
        <test-method signature="loginTest()[pri:2, instance:com.crm.qa.testcases.LoginPageTest@305b7c14]" started-at="2019-02-12T13:17:36Z" name="loginTest" finished-at="2019-02-12T13:17:41Z" duration-ms="4687" status="PASS">
          <reporter-output>
          </reporter-output>
        </test-method> <!-- loginTest -->
        <test-method is-config="true" signature="tearDown()[pri:0, instance:com.crm.qa.testcases.LoginPageTest@305b7c14]" started-at="2019-02-12T13:17:41Z" name="tearDown" finished-at="2019-02-12T13:17:42Z" duration-ms="739" status="PASS">
          <reporter-output>
          </reporter-output>
        </test-method> <!-- tearDown -->
      </class> <!-- com.crm.qa.testcases.LoginPageTest -->
    </test> <!-- Default test -->
  </suite> <!-- Default suite -->
</testng-results>
